<?xml version="1.0" encoding="UTF-8"?>
<testng-results ignored="0" total="3" passed="3" failed="0" skipped="0">
  <reporter-output>
  </reporter-output>
  <suite started-at="2024-03-29T16:28:22 IST" name="Suite" finished-at="2024-03-29T16:28:33 IST" duration-ms="11201">
    <groups>
    </groups>
    <test started-at="2024-03-29T16:28:22 IST" name="Test" finished-at="2024-03-29T16:28:33 IST" duration-ms="11201">
      <class name="Practice.FaceBookTest">
        <test-method is-config="true" signature="setUp()[pri:0, instance:Practice.FaceBookTest@74ea2410]" started-at="2024-03-29T16:28:22 IST" name="setUp" finished-at="2024-03-29T16:28:33 IST" duration-ms="10565" status="PASS">
          <reporter-output>
          </reporter-output>
        </test-method> <!-- setUp -->
        <test-method signature="verifyCreateLabel()[pri:0, instance:Practice.FaceBookTest@74ea2410]" started-at="2024-03-29T16:28:33 IST" name="verifyCreateLabel" finished-at="2024-03-29T16:28:33 IST" duration-ms="108" status="PASS">
          <reporter-output>
          </reporter-output>
        </test-method> <!-- verifyCreateLabel -->
        <test-method signature="verifyForgotPassword()[pri:0, instance:Practice.FaceBookTest@74ea2410]" started-at="2024-03-29T16:28:33 IST" name="verifyForgotPassword" finished-at="2024-03-29T16:28:33 IST" duration-ms="74" status="PASS">
          <reporter-output>
          </reporter-output>
        </test-method> <!-- verifyForgotPassword -->
        <test-method signature="verifyLoginPageTitle()[pri:0, instance:Practice.FaceBookTest@74ea2410]" started-at="2024-03-29T16:28:33 IST" name="verifyLoginPageTitle" finished-at="2024-03-29T16:28:33 IST" duration-ms="23" status="PASS">
          <reporter-output>
          </reporter-output>
        </test-method> <!-- verifyLoginPageTitle -->
        <test-method is-config="true" signature="tearDown()[pri:0, instance:Practice.FaceBookTest@74ea2410]" started-at="2024-03-29T16:28:33 IST" name="tearDown" finished-at="2024-03-29T16:28:33 IST" duration-ms="322" status="PASS">
          <reporter-output>
          </reporter-output>
        </test-method> <!-- tearDown -->
      </class> <!-- Practice.FaceBookTest -->
    </test> <!-- Test -->
  </suite> <!-- Suite -->
</testng-results>
