<?xml version="1.0" encoding="UTF-8"?>
<testng-results ignored="0" total="7" passed="7" failed="0" skipped="0">
  <reporter-output>
  </reporter-output>
  <suite started-at="2024-10-07T17:38:33 IST" name="Suite" finished-at="2024-10-07T17:38:33 IST" duration-ms="144">
    <groups>
      <group name="functional">
        <method signature="RegressionTest.PaymentPage()[pri:0, instance:GroupExecution.RegressionTest@2892d68]" name="PaymentPage" class="GroupExecution.RegressionTest"/>
        <method signature="SanityTest.PaymentPage()[pri:0, instance:GroupExecution.SanityTest@f09733f]" name="PaymentPage" class="GroupExecution.SanityTest"/>
      </group> <!-- functional -->
      <group name="regression">
        <method signature="RegressionTest.PaymentPage()[pri:0, instance:GroupExecution.RegressionTest@2892d68]" name="PaymentPage" class="GroupExecution.RegressionTest"/>
        <method signature="RegressionTest.LogInMethod()[pri:1, instance:GroupExecution.RegressionTest@2892d68]" name="LogInMethod" class="GroupExecution.RegressionTest"/>
        <method signature="RegressionTest.HomePageMethod()[pri:0, instance:GroupExecution.RegressionTest@2892d68]" name="HomePageMethod" class="GroupExecution.RegressionTest"/>
        <method signature="SanityTest.OrderPage()[pri:0, instance:GroupExecution.SanityTest@f09733f]" name="OrderPage" class="GroupExecution.SanityTest"/>
        <method signature="SanityTest.PaymentPage()[pri:0, instance:GroupExecution.SanityTest@f09733f]" name="PaymentPage" class="GroupExecution.SanityTest"/>
      </group> <!-- regression -->
      <group name="sanity">
        <method signature="RegressionTest.PaymentPage()[pri:0, instance:GroupExecution.RegressionTest@2892d68]" name="PaymentPage" class="GroupExecution.RegressionTest"/>
        <method signature="SanityTest.CartPage()[pri:0, instance:GroupExecution.SanityTest@f09733f]" name="CartPage" class="GroupExecution.SanityTest"/>
        <method signature="SanityTest.WishList()[pri:0, instance:GroupExecution.SanityTest@f09733f]" name="WishList" class="GroupExecution.SanityTest"/>
        <method signature="SanityTest.OrderPage()[pri:0, instance:GroupExecution.SanityTest@f09733f]" name="OrderPage" class="GroupExecution.SanityTest"/>
        <method signature="SanityTest.PaymentPage()[pri:0, instance:GroupExecution.SanityTest@f09733f]" name="PaymentPage" class="GroupExecution.SanityTest"/>
      </group> <!-- sanity -->
    </groups>
    <test started-at="2024-10-07T17:38:33 IST" name="Test" finished-at="2024-10-07T17:38:33 IST" duration-ms="144">
      <class name="GroupExecution.RegressionTest">
        <test-method signature="PaymentPage()[pri:0, instance:GroupExecution.RegressionTest@2892d68]" started-at="2024-10-07T17:38:33 IST" name="PaymentPage" finished-at="2024-10-07T17:38:33 IST" duration-ms="8" status="PASS">
          <reporter-output>
          </reporter-output>
        </test-method> <!-- PaymentPage -->
        <test-method signature="LogInMethod()[pri:1, instance:GroupExecution.RegressionTest@2892d68]" started-at="2024-10-07T17:38:33 IST" name="LogInMethod" finished-at="2024-10-07T17:38:33 IST" duration-ms="8" status="PASS">
          <reporter-output>
          </reporter-output>
        </test-method> <!-- LogInMethod -->
        <test-method signature="HomePageMethod()[pri:0, instance:GroupExecution.RegressionTest@2892d68]" started-at="2024-10-07T17:38:33 IST" name="HomePageMethod" finished-at="2024-10-07T17:38:33 IST" depends-on-methods="GroupExecution.RegressionTest.LogInMethod" duration-ms="10" status="PASS">
          <reporter-output>
          </reporter-output>
        </test-method> <!-- HomePageMethod -->
      </class> <!-- GroupExecution.RegressionTest -->
      <class name="GroupExecution.SanityTest">
        <test-method signature="CartPage()[pri:0, instance:GroupExecution.SanityTest@f09733f]" started-at="2024-10-07T17:38:33 IST" name="CartPage" finished-at="2024-10-07T17:38:33 IST" duration-ms="12" status="PASS">
          <reporter-output>
          </reporter-output>
        </test-method> <!-- CartPage -->
        <test-method signature="OrderPage()[pri:0, instance:GroupExecution.SanityTest@f09733f]" started-at="2024-10-07T17:38:33 IST" name="OrderPage" finished-at="2024-10-07T17:38:33 IST" duration-ms="1" status="PASS">
          <reporter-output>
          </reporter-output>
        </test-method> <!-- OrderPage -->
        <test-method signature="PaymentPage()[pri:0, instance:GroupExecution.SanityTest@f09733f]" started-at="2024-10-07T17:38:33 IST" name="PaymentPage" finished-at="2024-10-07T17:38:33 IST" duration-ms="3" status="PASS">
          <reporter-output>
          </reporter-output>
        </test-method> <!-- PaymentPage -->
        <test-method signature="WishList()[pri:0, instance:GroupExecution.SanityTest@f09733f]" started-at="2024-10-07T17:38:33 IST" name="WishList" finished-at="2024-10-07T17:38:33 IST" depends-on-methods="GroupExecution.SanityTest.CartPage" duration-ms="2" status="PASS">
          <reporter-output>
          </reporter-output>
        </test-method> <!-- WishList -->
      </class> <!-- GroupExecution.SanityTest -->
    </test> <!-- Test -->
  </suite> <!-- Suite -->
</testng-results>
