<?xml version="1.0" encoding="UTF-8"?>
<!-- Generated by org.testng.reporters.JUnitXMLReporter -->
<testsuite ignored="0" hostname="DESKTOP-00MLSTM" failures="0" tests="3" name="Test" time="11.201" errors="0" timestamp="2024-03-29T16:28:33 IST">
  <testcase classname="Practice.FaceBookTest" name="verifyCreateLabel" time="0.108"/>
  <testcase classname="Practice.FaceBookTest" name="verifyForgotPassword" time="0.074"/>
  <testcase classname="Practice.FaceBookTest" name="verifyLoginPageTitle" time="0.023"/>
</testsuite> <!-- Test -->
