<?xml version="1.0" encoding="UTF-8"?>
<!-- Generated by org.testng.reporters.JUnitXMLReporter -->
<testsuite ignored="0" hostname="DESKTOP-00MLSTM" failures="0" tests="7" name="Test" time="0.144" errors="0" timestamp="2024-10-07T17:38:33 IST">
  <testcase classname="GroupExecution.SanityTest" name="CartPage" time="0.012"/>
  <testcase classname="GroupExecution.SanityTest" name="OrderPage" time="0.001"/>
  <testcase classname="GroupExecution.SanityTest" name="PaymentPage" time="0.003"/>
  <testcase classname="GroupExecution.SanityTest" name="WishList" time="0.002"/>
  <testcase classname="GroupExecution.RegressionTest" name="PaymentPage" time="0.008"/>
  <testcase classname="GroupExecution.RegressionTest" name="LogInMethod" time="0.008"/>
  <testcase classname="GroupExecution.RegressionTest" name="HomePageMethod" time="0.01"/>
</testsuite> <!-- Test -->
