<?xml version="1.0" encoding="UTF-8"?>
<!-- Generated by org.testng.reporters.JUnitXMLReporter -->
<testsuite ignored="0" hostname="DESKTOP-00MLSTM" failures="0" tests="6" name="Test" time="0.168" errors="0" timestamp="2024-07-24T13:43:42 IST">
  <testcase classname="GroupExecution.RegressionTest" name="PaymentPage" time="0.037"/>
  <testcase classname="GroupExecution.RegressionTest" name="LogInMethod" time="0.004"/>
  <testcase classname="GroupExecution.RegressionTest" name="HomePageMethod" time="0.002"/>
  <testcase classname="GroupExecution.SanityTest" name="CartPage" time="0.004"/>
  <testcase classname="GroupExecution.SanityTest" name="OrderPage" time="0.004"/>
  <testcase classname="GroupExecution.SanityTest" name="WishList" time="0.005"/>
</testsuite> <!-- Test -->
