<?xml version="1.0" encoding="UTF-8"?>
<!-- Generated by org.testng.reporters.JUnitXMLReporter -->
<testsuite ignored="0" hostname="DESKTOP-00MLSTM" failures="0" tests="3" name="Default test" time="10.056" errors="0" timestamp="2024-03-29T16:24:45 IST">
  <testcase classname="Practice.FaceBookTest" name="verifyCreateLabel" time="0.379"/>
  <testcase classname="Practice.FaceBookTest" name="verifyForgotPassword" time="0.056"/>
  <testcase classname="Practice.FaceBookTest" name="verifyLoginPageTitle" time="0.03"/>
</testsuite> <!-- Default test -->
